2025-01-06 11:46:22,953 - INFO - Iniciando entrenamiento del modelo
2025-01-06 11:46:22,961 - INFO - Dataset cargado: (5110, 10)
2025-01-06 11:46:23,366 - INFO - Using categorical units to plot a list of strings that are all parsable as floats or dates. If these strings should be plotted as numbers, cast to the appropriate data type before plotting.
2025-01-06 11:46:23,372 - INFO - Using categorical units to plot a list of strings that are all parsable as floats or dates. If these strings should be plotted as numbers, cast to the appropriate data type before plotting.
2025-01-06 11:46:23,393 - INFO - Using categorical units to plot a list of strings that are all parsable as floats or dates. If these strings should be plotted as numbers, cast to the appropriate data type before plotting.
2025-01-06 11:46:23,400 - INFO - Using categorical units to plot a list of strings that are all parsable as floats or dates. If these strings should be plotted as numbers, cast to the appropriate data type before plotting.
2025-01-06 11:46:24,066 - INFO - Visualizaciones EDA completadas exitosamente
2025-01-06 11:46:24,067 - INFO - 
Entrenando LDA...
2025-01-06 11:46:27,611 - INFO - LDA:
2025-01-06 11:46:27,611 - INFO - ROC AUC Score: 0.839 (±0.030)
2025-01-06 11:46:27,611 - INFO - 
Entrenando Random Forest...
2025-01-06 11:48:10,263 - INFO - Iniciando entrenamiento del modelo
2025-01-06 11:48:10,271 - INFO - Dataset cargado: (5110, 10)
2025-01-06 11:48:10,709 - INFO - Using categorical units to plot a list of strings that are all parsable as floats or dates. If these strings should be plotted as numbers, cast to the appropriate data type before plotting.
2025-01-06 11:48:10,715 - INFO - Using categorical units to plot a list of strings that are all parsable as floats or dates. If these strings should be plotted as numbers, cast to the appropriate data type before plotting.
2025-01-06 11:48:10,735 - INFO - Using categorical units to plot a list of strings that are all parsable as floats or dates. If these strings should be plotted as numbers, cast to the appropriate data type before plotting.
2025-01-06 11:48:10,741 - INFO - Using categorical units to plot a list of strings that are all parsable as floats or dates. If these strings should be plotted as numbers, cast to the appropriate data type before plotting.
2025-01-06 11:48:11,486 - INFO - Visualizaciones EDA completadas exitosamente
2025-01-06 11:48:11,486 - INFO - 
Entrenando LDA...
2025-01-06 11:48:15,569 - INFO - LDA:
2025-01-06 11:48:15,569 - INFO - ROC AUC Score: 0.838 (±0.030)
2025-01-06 11:48:15,569 - INFO - 
Entrenando Random Forest...
2025-01-06 11:48:46,294 - INFO - Random Forest:
2025-01-06 11:48:46,294 - INFO - ROC AUC Score: 0.791 (±0.024)
2025-01-06 11:48:46,294 - INFO - 
Entrenando Gradient Boosting...
2025-01-06 11:48:59,320 - INFO - Gradient Boosting:
2025-01-06 11:48:59,321 - INFO - ROC AUC Score: 0.816 (±0.030)
2025-01-06 11:48:59,473 - INFO - Comparación de modelos guardada exitosamente
2025-01-06 11:48:59,474 - INFO - 
Mejor modelo: LDA
2025-01-06 11:48:59,474 - INFO - ROC AUC Score: 0.838 (±0.030)
2025-01-06 11:48:59,606 - INFO - 
Importancia de características:
2025-01-06 11:48:59,606 - INFO - Edad: 53.98%
2025-01-06 11:48:59,606 - INFO - Tipo de Trabajo: 25.26%
2025-01-06 11:48:59,606 - INFO - Nivel de Glucosa: 5.27%
2025-01-06 11:48:59,607 - INFO - Tabaquismo: 3.86%
2025-01-06 11:48:59,607 - INFO - Hipertensión: 3.76%
2025-01-06 11:48:59,607 - INFO - Estado Civil: 3.69%
2025-01-06 11:48:59,607 - INFO - Residencia: 1.78%
2025-01-06 11:48:59,607 - INFO - IMC: 1.34%
2025-01-06 11:48:59,607 - INFO - Enf. Cardíacas: 1.06%
2025-01-06 11:48:59,912 - INFO - Análisis del modelo completado exitosamente
2025-01-06 11:49:00,080 - INFO - Modelo y métricas guardados exitosamente
2025-01-06 11:49:00,080 - INFO - 
Entrenamiento completado en 0:00:49.816395
