2025-01-06 01:51:58,277 - INFO - Iniciando entrenamiento
2025-01-06 01:51:59,334 - INFO - Using categorical units to plot a list of strings that are all parsable as floats or dates. If these strings should be plotted as numbers, cast to the appropriate data type before plotting.
2025-01-06 01:51:59,340 - INFO - Using categorical units to plot a list of strings that are all parsable as floats or dates. If these strings should be plotted as numbers, cast to the appropriate data type before plotting.
2025-01-06 01:51:59,360 - INFO - Using categorical units to plot a list of strings that are all parsable as floats or dates. If these strings should be plotted as numbers, cast to the appropriate data type before plotting.
2025-01-06 01:51:59,367 - INFO - Using categorical units to plot a list of strings that are all parsable as floats or dates. If these strings should be plotted as numbers, cast to the appropriate data type before plotting.
2025-01-06 01:52:00,132 - INFO - Visualizaciones EDA completadas exitosamente
2025-01-06 01:52:00,132 - INFO - Visualizaciones EDA generadas
2025-01-06 01:52:00,151 - INFO - Columnas disponibles en el DataFrame:
2025-01-06 01:52:00,151 - INFO - ['gender', 'age', 'hypertension', 'heart_disease', 'ever_married', 'work_type', 'Residence_type', 'avg_glucose_level', 'bmi', 'smoking_status', 'stroke', 'age_normalized', 'bmi_normalized', 'avg_glucose_level_normalized', 'age_squared', 'age_cubed', 'elderly', 'very_elderly', 'young_adult', 'middle_aged', 'high_glucose', 'very_high_glucose', 'pre_diabetes', 'obesity', 'severe_obesity', 'morbid_obesity', 'underweight', 'age_glucose', 'age_pressure', 'age_heart', 'elderly_glucose', 'elderly_pressure', 'elderly_heart', 'glucose_pressure', 'glucose_heart', 'pressure_heart', 'obesity_glucose', 'obesity_pressure', 'obesity_heart', 'risk_score']
2025-01-06 01:52:00,154 - INFO - Dataset cargado: (5110, 36)
2025-01-06 01:52:00,160 - INFO - 
Entrenando Random Forest...
2025-01-06 01:54:46,387 - INFO - ACCURACY: Train=0.960, Test=0.915
2025-01-06 01:54:46,388 - INFO - PRECISION: Train=0.573, Test=0.247
2025-01-06 01:54:46,388 - INFO - RECALL: Train=0.755, Test=0.360
2025-01-06 01:54:46,388 - INFO - F1: Train=0.651, Test=0.288
2025-01-06 01:54:46,388 - INFO - ROC_AUC: Train=0.977, Test=0.791
2025-01-06 01:54:46,388 - INFO - AVERAGE_PRECISION: Train=0.759, Test=0.253
2025-01-06 01:55:05,335 - INFO - 
Resumen de Random Forest:
2025-01-06 01:55:05,336 - INFO - Tamaño del conjunto de entrenamiento: 4088
2025-01-06 01:55:05,336 - INFO - Tamaño del conjunto de prueba: 1022
2025-01-06 01:55:05,337 - INFO - Distribución de clases en entrenamiento: [3889  199]
2025-01-06 01:55:05,337 - INFO - Distribución de clases en prueba: [972  50]
2025-01-06 01:55:05,337 - INFO - 
Entrenando Gradient Boosting...
2025-01-06 01:55:49,546 - INFO - ACCURACY: Train=0.957, Test=0.924
2025-01-06 01:55:49,546 - INFO - PRECISION: Train=0.575, Test=0.235
2025-01-06 01:55:49,546 - INFO - RECALL: Train=0.530, Test=0.220
2025-01-06 01:55:49,547 - INFO - F1: Train=0.549, Test=0.224
2025-01-06 01:55:49,547 - INFO - ROC_AUC: Train=0.946, Test=0.758
2025-01-06 01:55:49,547 - INFO - AVERAGE_PRECISION: Train=0.615, Test=0.216
2025-01-06 01:55:55,781 - INFO - 
Resumen de Gradient Boosting:
2025-01-06 01:55:55,781 - INFO - Tamaño del conjunto de entrenamiento: 4088
2025-01-06 01:55:55,781 - INFO - Tamaño del conjunto de prueba: 1022
2025-01-06 01:55:55,782 - INFO - Distribución de clases en entrenamiento: [3889  199]
2025-01-06 01:55:55,782 - INFO - Distribución de clases en prueba: [972  50]
2025-01-06 01:55:55,782 - INFO - 
Entrenando Ensemble...
2025-01-06 01:56:00,727 - ERROR - Error entrenando Ensemble: Pipeline should either be a classifier to be used with response_method=predict_proba or the response_method should be 'predict'. Got a regressor with response_method=predict_proba instead.
2025-01-06 01:56:00,728 - INFO - Mejor modelo: Random Forest
2025-01-06 01:56:00,728 - INFO - F1 Score: 0.288
2025-01-06 01:56:00,728 - INFO - ROC AUC: 0.791
2025-01-06 01:56:01,594 - INFO - Análisis del mejor modelo completado
2025-01-06 01:56:02,436 - INFO - Entrenamiento completado en 0:04:04.158429
2025-01-06 11:24:27,143 - INFO - Iniciando entrenamiento del modelo
2025-01-06 11:24:27,145 - ERROR - Error durante el entrenamiento: [Errno 2] No such file or directory: './stroke-data.csv'
2025-01-06 11:25:01,458 - INFO - Iniciando entrenamiento del modelo
2025-01-06 11:25:01,459 - ERROR - Error durante el entrenamiento: [Errno 2] No such file or directory: './stroke-data.csv'
2025-01-06 11:27:12,022 - INFO - Iniciando entrenamiento del modelo
2025-01-06 11:27:12,042 - INFO - Dataset cargado: (5110, 10)
2025-01-06 11:27:12,573 - INFO - Using categorical units to plot a list of strings that are all parsable as floats or dates. If these strings should be plotted as numbers, cast to the appropriate data type before plotting.
2025-01-06 11:27:12,580 - INFO - Using categorical units to plot a list of strings that are all parsable as floats or dates. If these strings should be plotted as numbers, cast to the appropriate data type before plotting.
2025-01-06 11:27:12,602 - INFO - Using categorical units to plot a list of strings that are all parsable as floats or dates. If these strings should be plotted as numbers, cast to the appropriate data type before plotting.
2025-01-06 11:27:12,609 - INFO - Using categorical units to plot a list of strings that are all parsable as floats or dates. If these strings should be plotted as numbers, cast to the appropriate data type before plotting.
2025-01-06 11:27:13,355 - INFO - Visualizaciones EDA completadas exitosamente
2025-01-06 11:27:17,933 - INFO - ROC AUC Score: 0.838 (±0.030)
2025-01-06 11:27:18,070 - ERROR - Error durante el entrenamiento: index 20 is out of bounds for axis 0 with size 20
2025-01-06 11:33:00,293 - INFO - Iniciando entrenamiento del modelo
2025-01-06 11:33:00,301 - INFO - Dataset cargado: (5110, 10)
2025-01-06 11:33:00,679 - INFO - Using categorical units to plot a list of strings that are all parsable as floats or dates. If these strings should be plotted as numbers, cast to the appropriate data type before plotting.
2025-01-06 11:33:00,684 - INFO - Using categorical units to plot a list of strings that are all parsable as floats or dates. If these strings should be plotted as numbers, cast to the appropriate data type before plotting.
2025-01-06 11:33:00,703 - INFO - Using categorical units to plot a list of strings that are all parsable as floats or dates. If these strings should be plotted as numbers, cast to the appropriate data type before plotting.
2025-01-06 11:33:00,708 - INFO - Using categorical units to plot a list of strings that are all parsable as floats or dates. If these strings should be plotted as numbers, cast to the appropriate data type before plotting.
2025-01-06 11:33:01,356 - INFO - Visualizaciones EDA completadas exitosamente
2025-01-06 11:33:05,531 - INFO - ROC AUC Score: 0.838 (±0.030)
2025-01-06 11:33:05,671 - INFO - Análisis de importancia de características completado
2025-01-06 11:33:05,970 - INFO - Análisis del modelo completado exitosamente
2025-01-06 11:33:06,153 - INFO - Modelo y métricas guardados exitosamente
2025-01-06 11:33:06,154 - INFO - Entrenamiento completado en 0:00:05.860782
2025-01-06 11:38:47,817 - INFO - Iniciando entrenamiento del modelo
2025-01-06 11:38:47,825 - INFO - Dataset cargado: (5110, 10)
2025-01-06 11:38:48,187 - INFO - Using categorical units to plot a list of strings that are all parsable as floats or dates. If these strings should be plotted as numbers, cast to the appropriate data type before plotting.
2025-01-06 11:38:48,193 - INFO - Using categorical units to plot a list of strings that are all parsable as floats or dates. If these strings should be plotted as numbers, cast to the appropriate data type before plotting.
2025-01-06 11:38:48,211 - INFO - Using categorical units to plot a list of strings that are all parsable as floats or dates. If these strings should be plotted as numbers, cast to the appropriate data type before plotting.
2025-01-06 11:38:48,217 - INFO - Using categorical units to plot a list of strings that are all parsable as floats or dates. If these strings should be plotted as numbers, cast to the appropriate data type before plotting.
2025-01-06 11:38:48,877 - INFO - Visualizaciones EDA completadas exitosamente
2025-01-06 11:38:48,877 - INFO - 
Entrenando LDA...
2025-01-06 11:38:53,721 - INFO - LDA:
2025-01-06 11:38:53,721 - INFO - ROC AUC Score: 0.838 (±0.030)
2025-01-06 11:38:53,721 - INFO - 
Entrenando Random Forest...
2025-01-06 11:39:23,773 - INFO - Random Forest:
2025-01-06 11:39:23,774 - INFO - ROC AUC Score: 0.791 (±0.023)
2025-01-06 11:39:23,774 - INFO - 
Entrenando Gradient Boosting...
2025-01-06 11:39:36,810 - INFO - Gradient Boosting:
2025-01-06 11:39:36,811 - INFO - ROC AUC Score: 0.815 (±0.029)
2025-01-06 11:39:36,958 - INFO - Comparación de modelos guardada exitosamente
2025-01-06 11:39:36,958 - INFO - 
Mejor modelo: LDA
2025-01-06 11:39:36,958 - INFO - ROC AUC Score: 0.838 (±0.030)
2025-01-06 11:39:37,109 - INFO - 
Importancia de características:
2025-01-06 11:39:37,109 - INFO - Edad: 53.92%
2025-01-06 11:39:37,110 - INFO - Tipo de Trabajo: 25.48%
2025-01-06 11:39:37,110 - INFO - Nivel de Glucosa: 5.16%
2025-01-06 11:39:37,110 - INFO - Hipertensión: 4.55%
2025-01-06 11:39:37,110 - INFO - Tabaquismo: 3.38%
2025-01-06 11:39:37,110 - INFO - Estado Civil: 2.77%
2025-01-06 11:39:37,110 - INFO - Enf. Cardíacas: 1.79%
2025-01-06 11:39:37,110 - INFO - IMC: 1.50%
2025-01-06 11:39:37,111 - INFO - Residencia: 1.44%
2025-01-06 11:39:37,410 - INFO - Análisis del modelo completado exitosamente
2025-01-06 11:39:37,588 - INFO - Modelo y métricas guardados exitosamente
2025-01-06 11:39:37,589 - INFO - 
Entrenamiento completado en 0:00:49.771142
